{"numFailedTestSuites":1,"numFailedTests":7,"numPassedTestSuites":0,"numPassedTests":0,"numPendingTestSuites":0,"numPendingTests":0,"numRuntimeErrorTestSuites":0,"numTodoTests":0,"numTotalTestSuites":1,"numTotalTests":7,"openHandles":[],"snapshot":{"added":0,"didUpdate":false,"failure":false,"filesAdded":0,"filesRemoved":0,"filesRemovedList":[],"filesUnmatched":0,"filesUpdated":0,"matched":0,"total":0,"unchecked":0,"uncheckedKeysByFile":[],"unmatched":0,"updated":0},"startTime":1774031512118,"success":false,"testResults":[{"assertionResults":[{"ancestorTitles":["Module 5 - Fixed Assets Acceptance Tests","Test 1: Registering an asset posts DR Asset Account / CR AP or Bank — balanced"],"duration":1532,"failureDetails":[{"matcherResult":{"actual":500,"expected":201,"message":"\u001b[2mexpect(\u001b[22m\u001b[31mreceived\u001b[39m\u001b[2m).\u001b[22mtoBe\u001b[2m(\u001b[22m\u001b[32mexpected\u001b[39m\u001b[2m) // Object.is equality\u001b[22m\n\nExpected: \u001b[32m201\u001b[39m\nReceived: \u001b[31m500\u001b[39m","name":"toBe","pass":false}}],"failureMessages":["Error: \u001b[2mexpect(\u001b[22m\u001b[31mreceived\u001b[39m\u001b[2m).\u001b[22mtoBe\u001b[2m(\u001b[22m\u001b[32mexpected\u001b[39m\u001b[2m) // Object.is equality\u001b[22m\n\nExpected: \u001b[32m201\u001b[39m\nReceived: \u001b[31m500\u001b[39m\n    at Object.toBe (D:\\Stock-management\\Stock_tenancy_system\\test\\fixedAsset.acceptance.test.js:172:26)\n    at processTicksAndRejections (node:internal/process/task_queues:105:5)"],"fullName":"Module 5 - Fixed Assets Acceptance Tests Test 1: Registering an asset posts DR Asset Account / CR AP or Bank — balanced should create asset and post balanced journal entry","invocations":1,"location":null,"numPassingAsserts":0,"retryReasons":[],"status":"failed","title":"should create asset and post balanced journal entry"},{"ancestorTitles":["Module 5 - Fixed Assets Acceptance Tests","Test 2: Straight-line depreciation posts correctly and stops at salvage value"],"duration":1451,"failureDetails":[{}],"failureMessages":["TypeError: Cannot read properties of undefined (reading '_id')\n    at Object._id (D:\\Stock-management\\Stock_tenancy_system\\test\\fixedAsset.acceptance.test.js:217:42)\n    at processTicksAndRejections (node:internal/process/task_queues:105:5)"],"fullName":"Module 5 - Fixed Assets Acceptance Tests Test 2: Straight-line depreciation posts correctly and stops at salvage value should post monthly depreciation and stop at salvage value","invocations":1,"location":null,"numPassingAsserts":0,"retryReasons":[],"status":"failed","title":"should post monthly depreciation and stop at salvage value"},{"ancestorTitles":["Module 5 - Fixed Assets Acceptance Tests","Test 3: Declining balance depreciation works and approaches salvage value"],"duration":1513,"failureDetails":[{}],"failureMessages":["TypeError: Cannot read properties of undefined (reading '_id')\n    at Object._id (D:\\Stock-management\\Stock_tenancy_system\\test\\fixedAsset.acceptance.test.js:262:42)\n    at processTicksAndRejections (node:internal/process/task_queues:105:5)"],"fullName":"Module 5 - Fixed Assets Acceptance Tests Test 3: Declining balance depreciation works and approaches salvage value should post declining depreciation each month","invocations":1,"location":null,"numPassingAsserts":0,"retryReasons":[],"status":"failed","title":"should post declining depreciation each month"},{"ancestorTitles":["Module 5 - Fixed Assets Acceptance Tests","Test 4: Idempotency - running depreciation twice for same month"],"duration":1464,"failureDetails":[{}],"failureMessages":["TypeError: Cannot read properties of undefined (reading '_id')\n    at Object._id (D:\\Stock-management\\Stock_tenancy_system\\test\\fixedAsset.acceptance.test.js:305:42)\n    at processTicksAndRejections (node:internal/process/task_queues:105:5)"],"fullName":"Module 5 - Fixed Assets Acceptance Tests Test 4: Idempotency - running depreciation twice for same month should not create duplicate entries for the same period","invocations":1,"location":null,"numPassingAsserts":0,"retryReasons":[],"status":"failed","title":"should not create duplicate entries for the same period"},{"ancestorTitles":["Module 5 - Fixed Assets Acceptance Tests","Test 5: Disposal with proceeds > NBV posts a gain"],"duration":1486,"failureDetails":[{}],"failureMessages":["TypeError: Cannot read properties of undefined (reading '_id')\n    at Object._id (D:\\Stock-management\\Stock_tenancy_system\\test\\fixedAsset.acceptance.test.js:357:42)\n    at processTicksAndRejections (node:internal/process/task_queues:105:5)"],"fullName":"Module 5 - Fixed Assets Acceptance Tests Test 5: Disposal with proceeds > NBV posts a gain should correctly post gain on disposal","invocations":1,"location":null,"numPassingAsserts":0,"retryReasons":[],"status":"failed","title":"should correctly post gain on disposal"},{"ancestorTitles":["Module 5 - Fixed Assets Acceptance Tests","Test 6: Disposal with proceeds < NBV posts a loss"],"duration":1480,"failureDetails":[{}],"failureMessages":["TypeError: Cannot read properties of undefined (reading '_id')\n    at Object._id (D:\\Stock-management\\Stock_tenancy_system\\test\\fixedAsset.acceptance.test.js:413:42)\n    at processTicksAndRejections (node:internal/process/task_queues:105:5)"],"fullName":"Module 5 - Fixed Assets Acceptance Tests Test 6: Disposal with proceeds < NBV posts a loss should correctly post loss on disposal","invocations":1,"location":null,"numPassingAsserts":0,"retryReasons":[],"status":"failed","title":"should correctly post loss on disposal"},{"ancestorTitles":["Module 5 - Fixed Assets Acceptance Tests","Test 7: After disposal, NBV = 0 and status = disposed"],"duration":1424,"failureDetails":[{}],"failureMessages":["TypeError: Cannot read properties of undefined (reading '_id')\n    at Object._id (D:\\Stock-management\\Stock_tenancy_system\\test\\fixedAsset.acceptance.test.js:467:42)\n    at processTicksAndRejections (node:internal/process/task_queues:105:5)"],"fullName":"Module 5 - Fixed Assets Acceptance Tests Test 7: After disposal, NBV = 0 and status = disposed should set NBV to 0 and status to disposed after disposal","invocations":1,"location":null,"numPassingAsserts":0,"retryReasons":[],"status":"failed","title":"should set NBV to 0 and status to disposed after disposal"}],"endTime":1774031537218,"message":"\u001b[1m\u001b[31m  \u001b[1m● \u001b[22m\u001b[1mModule 5 - Fixed Assets Acceptance Tests › Test 1: Registering an asset posts DR Asset Account / CR AP or Bank — balanced › should create asset and post balanced journal entry\u001b[39m\u001b[22m\n\n    \u001b[2mexpect(\u001b[22m\u001b[31mreceived\u001b[39m\u001b[2m).\u001b[22mtoBe\u001b[2m(\u001b[22m\u001b[32mexpected\u001b[39m\u001b[2m) // Object.is equality\u001b[22m\n\n    Expected: \u001b[32m201\u001b[39m\n    Received: \u001b[31m500\u001b[39m\n\u001b[2m\u001b[22m\n\u001b[2m    \u001b[0m \u001b[90m 170 |\u001b[39m         \u001b[33m.\u001b[39msend(assetData)\u001b[33m;\u001b[39m\u001b[22m\n\u001b[2m     \u001b[90m 171 |\u001b[39m\u001b[22m\n\u001b[2m    \u001b[31m\u001b[1m>\u001b[22m\u001b[2m\u001b[39m\u001b[90m 172 |\u001b[39m       expect(res\u001b[33m.\u001b[39mstatus)\u001b[33m.\u001b[39mtoBe(\u001b[35m201\u001b[39m)\u001b[33m;\u001b[39m\u001b[22m\n\u001b[2m     \u001b[90m     |\u001b[39m                          \u001b[31m\u001b[1m^\u001b[22m\u001b[2m\u001b[39m\u001b[22m\n\u001b[2m     \u001b[90m 173 |\u001b[39m       expect(res\u001b[33m.\u001b[39mbody\u001b[33m.\u001b[39msuccess)\u001b[33m.\u001b[39mtoBe(\u001b[36mtrue\u001b[39m)\u001b[33m;\u001b[39m\u001b[22m\n\u001b[2m     \u001b[90m 174 |\u001b[39m       expect(res\u001b[33m.\u001b[39mbody\u001b[33m.\u001b[39mdata\u001b[33m.\u001b[39mreferenceNo)\u001b[33m.\u001b[39mtoBeDefined()\u001b[33m;\u001b[39m\u001b[22m\n\u001b[2m     \u001b[90m 175 |\u001b[39m\u001b[0m\u001b[22m\n\u001b[2m\u001b[22m\n\u001b[2m      \u001b[2mat Object.toBe (\u001b[22m\u001b[2m\u001b[0m\u001b[36mtest/fixedAsset.acceptance.test.js\u001b[39m\u001b[0m\u001b[2m:172:26)\u001b[22m\u001b[2m\u001b[22m\n\n\u001b[1m\u001b[31m  \u001b[1m● \u001b[22m\u001b[1mModule 5 - Fixed Assets Acceptance Tests › Test 2: Straight-line depreciation posts correctly and stops at salvage value › should post monthly depreciation and stop at salvage value\u001b[39m\u001b[22m\n\n    TypeError: Cannot read properties of undefined (reading '_id')\n\u001b[2m\u001b[22m\n\u001b[2m    \u001b[0m \u001b[90m 215 |\u001b[39m         \u001b[33m.\u001b[39msend(assetData)\u001b[33m;\u001b[39m\u001b[22m\n\u001b[2m     \u001b[90m 216 |\u001b[39m\u001b[22m\n\u001b[2m    \u001b[31m\u001b[1m>\u001b[22m\u001b[2m\u001b[39m\u001b[90m 217 |\u001b[39m       \u001b[36mconst\u001b[39m assetId \u001b[33m=\u001b[39m assetRes\u001b[33m.\u001b[39mbody\u001b[33m.\u001b[39mdata\u001b[33m.\u001b[39m_id\u001b[33m;\u001b[39m\u001b[22m\n\u001b[2m     \u001b[90m     |\u001b[39m                                          \u001b[31m\u001b[1m^\u001b[22m\u001b[2m\u001b[39m\u001b[22m\n\u001b[2m     \u001b[90m 218 |\u001b[39m\u001b[22m\n\u001b[2m     \u001b[90m 219 |\u001b[39m       \u001b[90m// Post depreciation for 12 months\u001b[39m\u001b[22m\n\u001b[2m     \u001b[90m 220 |\u001b[39m       \u001b[36mfor\u001b[39m (\u001b[36mlet\u001b[39m month \u001b[33m=\u001b[39m \u001b[35m0\u001b[39m\u001b[33m;\u001b[39m month \u001b[33m<\u001b[39m \u001b[35m12\u001b[39m\u001b[33m;\u001b[39m month\u001b[33m++\u001b[39m) {\u001b[0m\u001b[22m\n\u001b[2m\u001b[22m\n\u001b[2m      \u001b[2mat Object._id (\u001b[22m\u001b[2m\u001b[0m\u001b[36mtest/fixedAsset.acceptance.test.js\u001b[39m\u001b[0m\u001b[2m:217:42)\u001b[22m\u001b[2m\u001b[22m\n\n\u001b[1m\u001b[31m  \u001b[1m● \u001b[22m\u001b[1mModule 5 - Fixed Assets Acceptance Tests › Test 3: Declining balance depreciation works and approaches salvage value › should post declining depreciation each month\u001b[39m\u001b[22m\n\n    TypeError: Cannot read properties of undefined (reading '_id')\n\u001b[2m\u001b[22m\n\u001b[2m    \u001b[0m \u001b[90m 260 |\u001b[39m         \u001b[33m.\u001b[39msend(assetData)\u001b[33m;\u001b[39m\u001b[22m\n\u001b[2m     \u001b[90m 261 |\u001b[39m\u001b[22m\n\u001b[2m    \u001b[31m\u001b[1m>\u001b[22m\u001b[2m\u001b[39m\u001b[90m 262 |\u001b[39m       \u001b[36mconst\u001b[39m assetId \u001b[33m=\u001b[39m assetRes\u001b[33m.\u001b[39mbody\u001b[33m.\u001b[39mdata\u001b[33m.\u001b[39m_id\u001b[33m;\u001b[39m\u001b[22m\n\u001b[2m     \u001b[90m     |\u001b[39m                                          \u001b[31m\u001b[1m^\u001b[22m\u001b[2m\u001b[39m\u001b[22m\n\u001b[2m     \u001b[90m 263 |\u001b[39m\u001b[22m\n\u001b[2m     \u001b[90m 264 |\u001b[39m       \u001b[90m// Post depreciation for first 6 months\u001b[39m\u001b[22m\n\u001b[2m     \u001b[90m 265 |\u001b[39m       \u001b[36mfor\u001b[39m (\u001b[36mlet\u001b[39m month \u001b[33m=\u001b[39m \u001b[35m0\u001b[39m\u001b[33m;\u001b[39m month \u001b[33m<\u001b[39m \u001b[35m6\u001b[39m\u001b[33m;\u001b[39m month\u001b[33m++\u001b[39m) {\u001b[0m\u001b[22m\n\u001b[2m\u001b[22m\n\u001b[2m      \u001b[2mat Object._id (\u001b[22m\u001b[2m\u001b[0m\u001b[36mtest/fixedAsset.acceptance.test.js\u001b[39m\u001b[0m\u001b[2m:262:42)\u001b[22m\u001b[2m\u001b[22m\n\n\u001b[1m\u001b[31m  \u001b[1m● \u001b[22m\u001b[1mModule 5 - Fixed Assets Acceptance Tests › Test 4: Idempotency - running depreciation twice for same month › should not create duplicate entries for the same period\u001b[39m\u001b[22m\n\n    TypeError: Cannot read properties of undefined (reading '_id')\n\u001b[2m\u001b[22m\n\u001b[2m    \u001b[0m \u001b[90m 303 |\u001b[39m         \u001b[33m.\u001b[39msend(assetData)\u001b[33m;\u001b[39m\u001b[22m\n\u001b[2m     \u001b[90m 304 |\u001b[39m\u001b[22m\n\u001b[2m    \u001b[31m\u001b[1m>\u001b[22m\u001b[2m\u001b[39m\u001b[90m 305 |\u001b[39m       \u001b[36mconst\u001b[39m assetId \u001b[33m=\u001b[39m assetRes\u001b[33m.\u001b[39mbody\u001b[33m.\u001b[39mdata\u001b[33m.\u001b[39m_id\u001b[33m;\u001b[39m\u001b[22m\n\u001b[2m     \u001b[90m     |\u001b[39m                                          \u001b[31m\u001b[1m^\u001b[22m\u001b[2m\u001b[39m\u001b[22m\n\u001b[2m     \u001b[90m 306 |\u001b[39m\u001b[22m\n\u001b[2m     \u001b[90m 307 |\u001b[39m       \u001b[36mconst\u001b[39m periodDate \u001b[33m=\u001b[39m \u001b[36mnew\u001b[39m \u001b[33mDate\u001b[39m(\u001b[35m2024\u001b[39m\u001b[33m,\u001b[39m \u001b[35m0\u001b[39m\u001b[33m,\u001b[39m \u001b[35m1\u001b[39m)\u001b[33m;\u001b[39m\u001b[22m\n\u001b[2m     \u001b[90m 308 |\u001b[39m       \u001b[0m\u001b[22m\n\u001b[2m\u001b[22m\n\u001b[2m      \u001b[2mat Object._id (\u001b[22m\u001b[2m\u001b[0m\u001b[36mtest/fixedAsset.acceptance.test.js\u001b[39m\u001b[0m\u001b[2m:305:42)\u001b[22m\u001b[2m\u001b[22m\n\n\u001b[1m\u001b[31m  \u001b[1m● \u001b[22m\u001b[1mModule 5 - Fixed Assets Acceptance Tests › Test 5: Disposal with proceeds > NBV posts a gain › should correctly post gain on disposal\u001b[39m\u001b[22m\n\n    TypeError: Cannot read properties of undefined (reading '_id')\n\u001b[2m\u001b[22m\n\u001b[2m    \u001b[0m \u001b[90m 355 |\u001b[39m         \u001b[33m.\u001b[39msend(assetData)\u001b[33m;\u001b[39m\u001b[22m\n\u001b[2m     \u001b[90m 356 |\u001b[39m\u001b[22m\n\u001b[2m    \u001b[31m\u001b[1m>\u001b[22m\u001b[2m\u001b[39m\u001b[90m 357 |\u001b[39m       \u001b[36mconst\u001b[39m assetId \u001b[33m=\u001b[39m assetRes\u001b[33m.\u001b[39mbody\u001b[33m.\u001b[39mdata\u001b[33m.\u001b[39m_id\u001b[33m;\u001b[39m\u001b[22m\n\u001b[2m     \u001b[90m     |\u001b[39m                                          \u001b[31m\u001b[1m^\u001b[22m\u001b[2m\u001b[39m\u001b[22m\n\u001b[2m     \u001b[90m 358 |\u001b[39m\u001b[22m\n\u001b[2m     \u001b[90m 359 |\u001b[39m       \u001b[90m// Post 6 months depreciation\u001b[39m\u001b[22m\n\u001b[2m     \u001b[90m 360 |\u001b[39m       \u001b[36mfor\u001b[39m (\u001b[36mlet\u001b[39m month \u001b[33m=\u001b[39m \u001b[35m0\u001b[39m\u001b[33m;\u001b[39m month \u001b[33m<\u001b[39m \u001b[35m6\u001b[39m\u001b[33m;\u001b[39m month\u001b[33m++\u001b[39m) {\u001b[0m\u001b[22m\n\u001b[2m\u001b[22m\n\u001b[2m      \u001b[2mat Object._id (\u001b[22m\u001b[2m\u001b[0m\u001b[36mtest/fixedAsset.acceptance.test.js\u001b[39m\u001b[0m\u001b[2m:357:42)\u001b[22m\u001b[2m\u001b[22m\n\n\u001b[1m\u001b[31m  \u001b[1m● \u001b[22m\u001b[1mModule 5 - Fixed Assets Acceptance Tests › Test 6: Disposal with proceeds < NBV posts a loss › should correctly post loss on disposal\u001b[39m\u001b[22m\n\n    TypeError: Cannot read properties of undefined (reading '_id')\n\u001b[2m\u001b[22m\n\u001b[2m    \u001b[0m \u001b[90m 411 |\u001b[39m         \u001b[33m.\u001b[39msend(assetData)\u001b[33m;\u001b[39m\u001b[22m\n\u001b[2m     \u001b[90m 412 |\u001b[39m\u001b[22m\n\u001b[2m    \u001b[31m\u001b[1m>\u001b[22m\u001b[2m\u001b[39m\u001b[90m 413 |\u001b[39m       \u001b[36mconst\u001b[39m assetId \u001b[33m=\u001b[39m assetRes\u001b[33m.\u001b[39mbody\u001b[33m.\u001b[39mdata\u001b[33m.\u001b[39m_id\u001b[33m;\u001b[39m\u001b[22m\n\u001b[2m     \u001b[90m     |\u001b[39m                                          \u001b[31m\u001b[1m^\u001b[22m\u001b[2m\u001b[39m\u001b[22m\n\u001b[2m     \u001b[90m 414 |\u001b[39m\u001b[22m\n\u001b[2m     \u001b[90m 415 |\u001b[39m       \u001b[90m// Post 6 months depreciation\u001b[39m\u001b[22m\n\u001b[2m     \u001b[90m 416 |\u001b[39m       \u001b[36mfor\u001b[39m (\u001b[36mlet\u001b[39m month \u001b[33m=\u001b[39m \u001b[35m0\u001b[39m\u001b[33m;\u001b[39m month \u001b[33m<\u001b[39m \u001b[35m6\u001b[39m\u001b[33m;\u001b[39m month\u001b[33m++\u001b[39m) {\u001b[0m\u001b[22m\n\u001b[2m\u001b[22m\n\u001b[2m      \u001b[2mat Object._id (\u001b[22m\u001b[2m\u001b[0m\u001b[36mtest/fixedAsset.acceptance.test.js\u001b[39m\u001b[0m\u001b[2m:413:42)\u001b[22m\u001b[2m\u001b[22m\n\n\u001b[1m\u001b[31m  \u001b[1m● \u001b[22m\u001b[1mModule 5 - Fixed Assets Acceptance Tests › Test 7: After disposal, NBV = 0 and status = disposed › should set NBV to 0 and status to disposed after disposal\u001b[39m\u001b[22m\n\n    TypeError: Cannot read properties of undefined (reading '_id')\n\u001b[2m\u001b[22m\n\u001b[2m    \u001b[0m \u001b[90m 465 |\u001b[39m         \u001b[33m.\u001b[39msend(assetData)\u001b[33m;\u001b[39m\u001b[22m\n\u001b[2m     \u001b[90m 466 |\u001b[39m\u001b[22m\n\u001b[2m    \u001b[31m\u001b[1m>\u001b[22m\u001b[2m\u001b[39m\u001b[90m 467 |\u001b[39m       \u001b[36mconst\u001b[39m assetId \u001b[33m=\u001b[39m assetRes\u001b[33m.\u001b[39mbody\u001b[33m.\u001b[39mdata\u001b[33m.\u001b[39m_id\u001b[33m;\u001b[39m\u001b[22m\n\u001b[2m     \u001b[90m     |\u001b[39m                                          \u001b[31m\u001b[1m^\u001b[22m\u001b[2m\u001b[39m\u001b[22m\n\u001b[2m     \u001b[90m 468 |\u001b[39m\u001b[22m\n\u001b[2m     \u001b[90m 469 |\u001b[39m       \u001b[90m// Fully depreciate first - verify each depreciation succeeds\u001b[39m\u001b[22m\n\u001b[2m     \u001b[90m 470 |\u001b[39m       \u001b[36mlet\u001b[39m depCount \u001b[33m=\u001b[39m \u001b[35m0\u001b[39m\u001b[33m;\u001b[39m\u001b[0m\u001b[22m\n\u001b[2m\u001b[22m\n\u001b[2m      \u001b[2mat Object._id (\u001b[22m\u001b[2m\u001b[0m\u001b[36mtest/fixedAsset.acceptance.test.js\u001b[39m\u001b[0m\u001b[2m:467:42)\u001b[22m\u001b[2m\u001b[22m\n","name":"D:\\Stock-management\\Stock_tenancy_system\\test\\fixedAsset.acceptance.test.js","startTime":1774031512179,"status":"failed","summary":""}],"wasInterrupted":false}
