{"numFailedTestSuites":0,"numFailedTests":0,"numPassedTestSuites":1,"numPassedTests":7,"numPendingTestSuites":0,"numPendingTests":0,"numRuntimeErrorTestSuites":0,"numTodoTests":0,"numTotalTestSuites":1,"numTotalTests":7,"openHandles":[],"snapshot":{"added":0,"didUpdate":false,"failure":false,"filesAdded":0,"filesRemoved":0,"filesRemovedList":[],"filesUnmatched":0,"filesUpdated":0,"matched":0,"total":0,"unchecked":0,"uncheckedKeysByFile":[],"unmatched":0,"updated":0},"startTime":1774112562525,"success":true,"testResults":[{"assertionResults":[{"ancestorTitles":["Module 5 - Fixed Assets Acceptance Tests","Test 1: Registering an asset posts DR Asset Account / CR AP or Bank — balanced"],"duration":3725,"failureDetails":[],"failureMessages":[],"fullName":"Module 5 - Fixed Assets Acceptance Tests Test 1: Registering an asset posts DR Asset Account / CR AP or Bank — balanced should create asset and post balanced journal entry","invocations":1,"location":null,"numPassingAsserts":8,"retryReasons":[],"status":"passed","title":"should create asset and post balanced journal entry"},{"ancestorTitles":["Module 5 - Fixed Assets Acceptance Tests","Test 2: Straight-line depreciation posts correctly and stops at salvage value"],"duration":25309,"failureDetails":[],"failureMessages":[],"fullName":"Module 5 - Fixed Assets Acceptance Tests Test 2: Straight-line depreciation posts correctly and stops at salvage value should post monthly depreciation and stop at salvage value","invocations":1,"location":null,"numPassingAsserts":1,"retryReasons":[],"status":"passed","title":"should post monthly depreciation and stop at salvage value"},{"ancestorTitles":["Module 5 - Fixed Assets Acceptance Tests","Test 3: Declining balance depreciation works and approaches salvage value"],"duration":12368,"failureDetails":[],"failureMessages":[],"fullName":"Module 5 - Fixed Assets Acceptance Tests Test 3: Declining balance depreciation works and approaches salvage value should post declining depreciation each month","invocations":1,"location":null,"numPassingAsserts":1,"retryReasons":[],"status":"passed","title":"should post declining depreciation each month"},{"ancestorTitles":["Module 5 - Fixed Assets Acceptance Tests","Test 4: Idempotency - running depreciation twice for same month"],"duration":5064,"failureDetails":[],"failureMessages":[],"fullName":"Module 5 - Fixed Assets Acceptance Tests Test 4: Idempotency - running depreciation twice for same month should not create duplicate entries for the same period","invocations":1,"location":null,"numPassingAsserts":4,"retryReasons":[],"status":"passed","title":"should not create duplicate entries for the same period"},{"ancestorTitles":["Module 5 - Fixed Assets Acceptance Tests","Test 5: Disposal with proceeds > NBV posts a gain"],"duration":14321,"failureDetails":[],"failureMessages":[],"fullName":"Module 5 - Fixed Assets Acceptance Tests Test 5: Disposal with proceeds > NBV posts a gain should correctly post gain on disposal","invocations":1,"location":null,"numPassingAsserts":3,"retryReasons":[],"status":"passed","title":"should correctly post gain on disposal"},{"ancestorTitles":["Module 5 - Fixed Assets Acceptance Tests","Test 6: Disposal with proceeds < NBV posts a loss"],"duration":13994,"failureDetails":[],"failureMessages":[],"fullName":"Module 5 - Fixed Assets Acceptance Tests Test 6: Disposal with proceeds < NBV posts a loss should correctly post loss on disposal","invocations":1,"location":null,"numPassingAsserts":2,"retryReasons":[],"status":"passed","title":"should correctly post loss on disposal"},{"ancestorTitles":["Module 5 - Fixed Assets Acceptance Tests","Test 7: After disposal, NBV = 0 and status = disposed"],"duration":21911,"failureDetails":[],"failureMessages":[],"fullName":"Module 5 - Fixed Assets Acceptance Tests Test 7: After disposal, NBV = 0 and status = disposed should set NBV to 0 and status to disposed after disposal","invocations":1,"location":null,"numPassingAsserts":4,"retryReasons":[],"status":"passed","title":"should set NBV to 0 and status to disposed after disposal"}],"endTime":1774112672884,"message":"","name":"D:\\Stock-management\\Stock_tenancy_system\\test\\fixedAsset.acceptance.test.js","startTime":1774112562605,"status":"passed","summary":""}],"wasInterrupted":false}
