{"numFailedTestSuites":1,"numFailedTests":1,"numPassedTestSuites":0,"numPassedTests":6,"numPendingTestSuites":0,"numPendingTests":0,"numRuntimeErrorTestSuites":0,"numTodoTests":0,"numTotalTestSuites":1,"numTotalTests":7,"openHandles":[],"snapshot":{"added":0,"didUpdate":false,"failure":false,"filesAdded":0,"filesRemoved":0,"filesRemovedList":[],"filesUnmatched":0,"filesUpdated":0,"matched":0,"total":0,"unchecked":0,"uncheckedKeysByFile":[],"unmatched":0,"updated":0},"startTime":1774111817770,"success":false,"testResults":[{"assertionResults":[{"ancestorTitles":["Module 5 - Fixed Assets Acceptance Tests","Test 1: Registering an asset posts DR Asset Account / CR AP or Bank — balanced"],"duration":2860,"failureDetails":[],"failureMessages":[],"fullName":"Module 5 - Fixed Assets Acceptance Tests Test 1: Registering an asset posts DR Asset Account / CR AP or Bank — balanced should create asset and post balanced journal entry","invocations":1,"location":null,"numPassingAsserts":8,"retryReasons":[],"status":"passed","title":"should create asset and post balanced journal entry"},{"ancestorTitles":["Module 5 - Fixed Assets Acceptance Tests","Test 2: Straight-line depreciation posts correctly and stops at salvage value"],"duration":19172,"failureDetails":[],"failureMessages":[],"fullName":"Module 5 - Fixed Assets Acceptance Tests Test 2: Straight-line depreciation posts correctly and stops at salvage value should post monthly depreciation and stop at salvage value","invocations":1,"location":null,"numPassingAsserts":1,"retryReasons":[],"status":"passed","title":"should post monthly depreciation and stop at salvage value"},{"ancestorTitles":["Module 5 - Fixed Assets Acceptance Tests","Test 3: Declining balance depreciation works and approaches salvage value"],"duration":4075,"failureDetails":[{}],"failureMessages":["TypeError: Cannot read properties of undefined (reading '_id')\n    at Object._id (D:\\Stock-management\\Stock_tenancy_system\\test\\fixedAsset.acceptance.test.js:290:42)\n    at processTicksAndRejections (node:internal/process/task_queues:105:5)"],"fullName":"Module 5 - Fixed Assets Acceptance Tests Test 3: Declining balance depreciation works and approaches salvage value should post declining depreciation each month","invocations":1,"location":null,"numPassingAsserts":0,"retryReasons":[],"status":"failed","title":"should post declining depreciation each month"},{"ancestorTitles":["Module 5 - Fixed Assets Acceptance Tests","Test 4: Idempotency - running depreciation twice for same month"],"duration":4782,"failureDetails":[],"failureMessages":[],"fullName":"Module 5 - Fixed Assets Acceptance Tests Test 4: Idempotency - running depreciation twice for same month should not create duplicate entries for the same period","invocations":1,"location":null,"numPassingAsserts":4,"retryReasons":[],"status":"passed","title":"should not create duplicate entries for the same period"},{"ancestorTitles":["Module 5 - Fixed Assets Acceptance Tests","Test 5: Disposal with proceeds > NBV posts a gain"],"duration":10646,"failureDetails":[],"failureMessages":[],"fullName":"Module 5 - Fixed Assets Acceptance Tests Test 5: Disposal with proceeds > NBV posts a gain should correctly post gain on disposal","invocations":1,"location":null,"numPassingAsserts":3,"retryReasons":[],"status":"passed","title":"should correctly post gain on disposal"},{"ancestorTitles":["Module 5 - Fixed Assets Acceptance Tests","Test 6: Disposal with proceeds < NBV posts a loss"],"duration":11952,"failureDetails":[],"failureMessages":[],"fullName":"Module 5 - Fixed Assets Acceptance Tests Test 6: Disposal with proceeds < NBV posts a loss should correctly post loss on disposal","invocations":1,"location":null,"numPassingAsserts":2,"retryReasons":[],"status":"passed","title":"should correctly post loss on disposal"},{"ancestorTitles":["Module 5 - Fixed Assets Acceptance Tests","Test 7: After disposal, NBV = 0 and status = disposed"],"duration":19196,"failureDetails":[],"failureMessages":[],"fullName":"Module 5 - Fixed Assets Acceptance Tests Test 7: After disposal, NBV = 0 and status = disposed should set NBV to 0 and status to disposed after disposal","invocations":1,"location":null,"numPassingAsserts":4,"retryReasons":[],"status":"passed","title":"should set NBV to 0 and status to disposed after disposal"}],"endTime":1774111907194,"message":"\u001b[1m\u001b[31m  \u001b[1m● \u001b[22m\u001b[1mModule 5 - Fixed Assets Acceptance Tests › Test 3: Declining balance depreciation works and approaches salvage value › should post declining depreciation each month\u001b[39m\u001b[22m\n\n    TypeError: Cannot read properties of undefined (reading '_id')\n\u001b[2m\u001b[22m\n\u001b[2m    \u001b[0m \u001b[90m 288 |\u001b[39m         \u001b[33m.\u001b[39msend(assetData)\u001b[33m;\u001b[39m\u001b[22m\n\u001b[2m     \u001b[90m 289 |\u001b[39m\u001b[22m\n\u001b[2m    \u001b[31m\u001b[1m>\u001b[22m\u001b[2m\u001b[39m\u001b[90m 290 |\u001b[39m       \u001b[36mconst\u001b[39m assetId \u001b[33m=\u001b[39m assetRes\u001b[33m.\u001b[39mbody\u001b[33m.\u001b[39mdata\u001b[33m.\u001b[39m_id\u001b[33m;\u001b[39m\u001b[22m\n\u001b[2m     \u001b[90m     |\u001b[39m                                          \u001b[31m\u001b[1m^\u001b[22m\u001b[2m\u001b[39m\u001b[22m\n\u001b[2m     \u001b[90m 291 |\u001b[39m\u001b[22m\n\u001b[2m     \u001b[90m 292 |\u001b[39m       \u001b[90m// Post depreciation for first 6 months\u001b[39m\u001b[22m\n\u001b[2m     \u001b[90m 293 |\u001b[39m       \u001b[36mfor\u001b[39m (\u001b[36mlet\u001b[39m month \u001b[33m=\u001b[39m \u001b[35m0\u001b[39m\u001b[33m;\u001b[39m month \u001b[33m<\u001b[39m \u001b[35m6\u001b[39m\u001b[33m;\u001b[39m month\u001b[33m++\u001b[39m) {\u001b[0m\u001b[22m\n\u001b[2m\u001b[22m\n\u001b[2m      \u001b[2mat Object._id (\u001b[22m\u001b[2m\u001b[0m\u001b[36mtest/fixedAsset.acceptance.test.js\u001b[39m\u001b[0m\u001b[2m:290:42)\u001b[22m\u001b[2m\u001b[22m\n","name":"D:\\Stock-management\\Stock_tenancy_system\\test\\fixedAsset.acceptance.test.js","startTime":1774111817836,"status":"failed","summary":""}],"wasInterrupted":false}
